[penguineur9.webnode.fr/index.html]
[backblue.gif]
[fade.gif]
[index.html]
[d1di2lzuh97fh2.cloudfront.net/files/38/38g/38gz1z8dda.css]
[d1di2lzuh97fh2.cloudfront.net/files/1q/1q6/1q6lrk8dda.css]
[d1di2lzuh97fh2.cloudfront.net/files/0o/0oq/0oq7ka8dda.css]
[d1di2lzuh97fh2.cloudfront.net/files/3c/3c5/3c5bmg8dda.css]
[d1di2lzuh97fh2.cloudfront.net/files/2l/2ln/2lncfk8dda.css]
[d1di2lzuh97fh2.cloudfront.net/files/3q/3qw/3qwf538dda.css]
[d1di2lzuh97fh2.cloudfront.net/files/4e/4er/4ervtt8dda.css]
[d1di2lzuh97fh2.cloudfront.net/files/0o/0oc/0ocssm8dda.css]
[d1di2lzuh97fh2.cloudfront.net/files/1q/1q3/1q35k28dda.css]
[use.typekit.net/njp4uhl.css]
[www.google-analytics.com/analytics.js]
[penguineur9.webnode.fr/wnd_header.set]
[d6scj24zvfbbo.cloudfront.net/e6c490beb5aad93f338f67a57a7ea325/200000000-b79f7b79f9/200/Logo8dda.png]
[d1di2lzuh97fh2.cloudfront.net/files/2q/2qh/2qhi4h8dda.js]
[penguineur9.webnode.fr/mon-profil/index.html]
[d1di2lzuh97fh2.cloudfront.net/client.fe/js.compiled/lang.fr.6288dda.js]
[penguineur9.webnode.fr/mes-reseau/index.html]
[d1di2lzuh97fh2.cloudfront.net/client.fe/js.compiled/compiled.multi.2-11128dda.js]
[penguineur9.webnode.fr/index.html]
[penguineur9.webnode.fr/don/index.html]
[penguineur9.webnode.fr/mon-profil-gameur/index.html]
[d1di2lzuh97fh2.cloudfront.net/files/3y/3yb/3ybh5o.png]
[d1di2lzuh97fh2.cloudfront.net/files/1a/1a7/1a728k.png]
[d1di2lzuh97fh2.cloudfront.net/files/3x/3xw/3xwanv.gif]
[d1di2lzuh97fh2.cloudfront.net/files/38/38g/38gz1z8dda.css]
[d1di2lzuh97fh2.cloudfront.net/files/49/494/494sl3.png]
[d1di2lzuh97fh2.cloudfront.net/files/1q/1q6/1q6lrk8dda.css]
[d1di2lzuh97fh2.cloudfront.net/files/0o/0oq/0oq7ka8dda.css]
[d1di2lzuh97fh2.cloudfront.net/files/3c/3c5/3c5bmg8dda.css]
[d1di2lzuh97fh2.cloudfront.net/files/2l/2ln/2lncfk8dda.css]
[d1di2lzuh97fh2.cloudfront.net/files/3q/3qw/3qwf538dda.css]
[d1di2lzuh97fh2.cloudfront.net/files/4e/4er/4ervtt8dda.css]
[d1di2lzuh97fh2.cloudfront.net/files/0o/0oc/0ocssm8dda.css]
[d1di2lzuh97fh2.cloudfront.net/files/1q/1q3/1q35k28dda.css]
[use.typekit.net/af/ad9c1c/000000000000000077359549/30/lff69]
[use.typekit.net/af/ad9c1c/000000000000000077359549/30/dff69]
[use.typekit.net/af/ad9c1c/000000000000000077359549/30/aff69]
[use.typekit.net/af/671919/00000000000000007735954e/30/l263d]
[use.typekit.net/af/671919/00000000000000007735954e/30/d263d]
[use.typekit.net/af/671919/00000000000000007735954e/30/a263d]
[use.typekit.net/af/98e3f6/000000000000000077359562/30/l04c7]
[use.typekit.net/af/98e3f6/000000000000000077359562/30/d04c7]
[use.typekit.net/af/98e3f6/000000000000000077359562/30/a04c7]
[use.typekit.net/af/624cab/000000000000000077359558/30/l3fe8]
[use.typekit.net/af/624cab/000000000000000077359558/30/d3fe8]
[use.typekit.net/af/624cab/000000000000000077359558/30/a3fe8]
[use.typekit.net/af/199a3f/00000000000000007735955e/30/la39f]
[use.typekit.net/af/199a3f/00000000000000007735955e/30/da39f]
[use.typekit.net/af/199a3f/00000000000000007735955e/30/aa39f]
[use.typekit.net/af/00841f/000000000000000077359564/30/l19d3]
[use.typekit.net/af/00841f/000000000000000077359564/30/d19d3]
[use.typekit.net/af/00841f/000000000000000077359564/30/a19d3]
[use.typekit.net/af/7a16a7/000000000000000077359568/30/l04b5]
[use.typekit.net/af/7a16a7/000000000000000077359568/30/d04b5]
[use.typekit.net/af/7a16a7/000000000000000077359568/30/a04b5]
[use.typekit.net/af/4daeb9/00000000000000007735956c/30/l4ddc]
[use.typekit.net/af/4daeb9/00000000000000007735956c/30/d4ddc]
[use.typekit.net/af/4daeb9/00000000000000007735956c/30/a4ddc]
[use.typekit.net/af/e4b1a9/000000000000000077359571/30/l9f0d]
[use.typekit.net/af/e4b1a9/000000000000000077359571/30/d9f0d]
[use.typekit.net/af/e4b1a9/000000000000000077359571/30/a9f0d]
[use.typekit.net/af/eb4c83/000000000000000077359574/30/l01ea]
[use.typekit.net/af/eb4c83/000000000000000077359574/30/d01ea]
[use.typekit.net/af/eb4c83/000000000000000077359574/30/a01ea]
[use.typekit.net/af/d45b9a/000000000000000077359577/30/l64f0]
[use.typekit.net/af/d45b9a/000000000000000077359577/30/d64f0]
[use.typekit.net/af/d45b9a/000000000000000077359577/30/a64f0]
[use.typekit.net/af/6cc429/00000000000000007735957a/30/l34b8]
[use.typekit.net/af/6cc429/00000000000000007735957a/30/d34b8]
[use.typekit.net/af/6cc429/00000000000000007735957a/30/a34b8]
[use.typekit.net/af/56b0cd/00000000000000007735957d/30/l0ac7]
[use.typekit.net/af/56b0cd/00000000000000007735957d/30/d0ac7]
[use.typekit.net/af/56b0cd/00000000000000007735957d/30/a0ac7]
[use.typekit.net/af/fcae55/000000000000000077359580/30/l00c0]
[use.typekit.net/af/fcae55/000000000000000077359580/30/d00c0]
[use.typekit.net/af/fcae55/000000000000000077359580/30/a00c0]
[use.typekit.net/af/0758f3/000000000000000077359583/30/la2f9]
[use.typekit.net/af/0758f3/000000000000000077359583/30/da2f9]
[use.typekit.net/af/0758f3/000000000000000077359583/30/aa2f9]
[use.typekit.net/af/69ecb3/000000000000000077359585/30/l0dca]
[use.typekit.net/af/69ecb3/000000000000000077359585/30/d0dca]
[use.typekit.net/af/69ecb3/000000000000000077359585/30/a0dca]
[use.typekit.net/af/73cd70/000000000000000077359d40/30/l64f0]
[use.typekit.net/af/73cd70/000000000000000077359d40/30/d64f0]
[use.typekit.net/af/73cd70/000000000000000077359d40/30/a64f0]
[use.typekit.net/af/e61d82/0000000000000000000124fe/27/l34b8]
[use.typekit.net/af/e61d82/0000000000000000000124fe/27/d34b8]
[use.typekit.net/af/e61d82/0000000000000000000124fe/27/a34b8]
[use.typekit.net/af/63cd12/0000000000000000000124ff/27/l04c7]
[use.typekit.net/af/63cd12/0000000000000000000124ff/27/d04c7]
[use.typekit.net/af/63cd12/0000000000000000000124ff/27/a04c7]
[use.typekit.net/af/e614cb/0000000000000000000124fd/27/l3fe8]
[use.typekit.net/af/e614cb/0000000000000000000124fd/27/d3fe8]
[use.typekit.net/af/e614cb/0000000000000000000124fd/27/a3fe8]
[use.typekit.net/af/1da05b/0000000000000000000132df/27/l64f0]
[use.typekit.net/af/1da05b/0000000000000000000132df/27/d64f0]
[use.typekit.net/af/1da05b/0000000000000000000132df/27/a64f0]
[use.typekit.net/af/32d3ee/0000000000000000000132e0/27/l34b8]
[use.typekit.net/af/32d3ee/0000000000000000000132e0/27/d34b8]
[use.typekit.net/af/32d3ee/0000000000000000000132e0/27/a34b8]
[use.typekit.net/af/8f4e31/0000000000000000000132e3/27/l04c7]
[use.typekit.net/af/8f4e31/0000000000000000000132e3/27/d04c7]
[use.typekit.net/af/8f4e31/0000000000000000000132e3/27/a04c7]
[use.typekit.net/af/383ab4/0000000000000000000132e4/27/l3fe8]
[use.typekit.net/af/383ab4/0000000000000000000132e4/27/d3fe8]
[use.typekit.net/af/383ab4/0000000000000000000132e4/27/a3fe8]
[use.typekit.net/af/a96fa9/000000000000000077359de4/30/l04b5]
[use.typekit.net/af/a96fa9/000000000000000077359de4/30/d04b5]
[use.typekit.net/af/a96fa9/000000000000000077359de4/30/a04b5]
[use.typekit.net/af/9270e6/000000000000000077359dec/30/l4ddc]
[use.typekit.net/af/9270e6/000000000000000077359dec/30/d4ddc]
[use.typekit.net/af/9270e6/000000000000000077359dec/30/a4ddc]
[use.typekit.net/af/1281a1/000000000000000077359ded/30/l0ac7]
[use.typekit.net/af/1281a1/000000000000000077359ded/30/d0ac7]
[use.typekit.net/af/1281a1/000000000000000077359ded/30/a0ac7]
[use.typekit.net/af/08312f/000000000000000077359dee/30/l00c0]
[use.typekit.net/af/08312f/000000000000000077359dee/30/d00c0]
[use.typekit.net/af/08312f/000000000000000077359dee/30/a00c0]
[use.typekit.net/af/d03e48/000000000000000077359df2/30/la2f9]
[use.typekit.net/af/d03e48/000000000000000077359df2/30/da2f9]
[use.typekit.net/af/d03e48/000000000000000077359df2/30/aa2f9]
[use.typekit.net/af/b59a99/000000000000000077359df3/30/l0dca]
[use.typekit.net/af/b59a99/000000000000000077359df3/30/d0dca]
[use.typekit.net/af/b59a99/000000000000000077359df3/30/a0dca]
[use.typekit.net/af/257c86/000000000000000077359df6/30/lff69]
[use.typekit.net/af/257c86/000000000000000077359df6/30/dff69]
[use.typekit.net/af/257c86/000000000000000077359df6/30/aff69]
[use.typekit.net/af/037411/000000000000000077359df7/30/l263d]
[use.typekit.net/af/037411/000000000000000077359df7/30/d263d]
[use.typekit.net/af/037411/000000000000000077359df7/30/a263d]
[use.typekit.net/af/ab60ca/000000000000000077359de6/30/l64f0]
[use.typekit.net/af/ab60ca/000000000000000077359de6/30/d64f0]
[use.typekit.net/af/ab60ca/000000000000000077359de6/30/a64f0]
[use.typekit.net/af/952df1/000000000000000077359dea/30/l04c7]
[use.typekit.net/af/952df1/000000000000000077359dea/30/d04c7]
[use.typekit.net/af/952df1/000000000000000077359dea/30/a04c7]
[use.typekit.net/af/e8c22b/00000000000000007735a3a4/30/l64f0]
[use.typekit.net/af/e8c22b/00000000000000007735a3a4/30/d64f0]
[use.typekit.net/af/e8c22b/00000000000000007735a3a4/30/a64f0]
[use.typekit.net/af/396947/00000000000000007735a3a7/30/l34b8]
[use.typekit.net/af/396947/00000000000000007735a3a7/30/d34b8]
[use.typekit.net/af/396947/00000000000000007735a3a7/30/a34b8]
[use.typekit.net/af/3f4c3a/00000000000000007735a3a9/30/la2f9]
[use.typekit.net/af/3f4c3a/00000000000000007735a3a9/30/da2f9]
[use.typekit.net/af/3f4c3a/00000000000000007735a3a9/30/aa2f9]
[use.typekit.net/af/e45fab/00000000000000007735a3ab/30/l0dca]
[use.typekit.net/af/e45fab/00000000000000007735a3ab/30/d0dca]
[use.typekit.net/af/e45fab/00000000000000007735a3ab/30/a0dca]
[use.typekit.net/af/ddc6f6/00000000000000007735a3ad/30/l0ac7]
[use.typekit.net/af/ddc6f6/00000000000000007735a3ad/30/d0ac7]
[use.typekit.net/af/ddc6f6/00000000000000007735a3ad/30/a0ac7]
[use.typekit.net/af/dd7c06/00000000000000007735a3af/30/l00c0]
[use.typekit.net/af/dd7c06/00000000000000007735a3af/30/d00c0]
[use.typekit.net/af/dd7c06/00000000000000007735a3af/30/a00c0]
[use.typekit.net/af/175b25/00000000000000007735a3b1/30/l04c7]
[use.typekit.net/af/175b25/00000000000000007735a3b1/30/d04c7]
[use.typekit.net/af/175b25/00000000000000007735a3b1/30/a04c7]
[use.typekit.net/af/84a20c/00000000000000007735a3b3/30/l3fe8]
[use.typekit.net/af/84a20c/00000000000000007735a3b3/30/d3fe8]
[use.typekit.net/njp4uhl.css]
[penguineur9.webnode.fr/wnd_header.html]
[use.typekit.net/af/84a20c/00000000000000007735a3b3/30/a3fe8]
[penguineur9.webnode.fr/mon-profil/wnd_header.93.delayed]
[d6scj24zvfbbo.cloudfront.net/e6c490beb5aad93f338f67a57a7ea325/200000002-0d4070d40a/200/unnamed8dda.jpg]
[d6scj24zvfbbo.cloudfront.net/e6c490beb5aad93f338f67a57a7ea325/200000001-5b92b5b92d/200/unnamed (1)8dda.jpg]
[penguineur9.webnode.fr/mon-profil/index.html]
[penguineur9.webnode.fr/mes-reseau/wnd_header.set]
[d6scj24zvfbbo.cloudfront.net/e6c490beb5aad93f338f67a57a7ea325/200000004-aad55aad57/200/téléchargement8dda.png]
[d6scj24zvfbbo.cloudfront.net/e6c490beb5aad93f338f67a57a7ea325/200000005-a1455a1457/200/email_icon_1766168dda.png]
[penguineur9.webnode.fr/mes-reseau/index.html]
[penguineur9.webnode.fr/mon-profil-gameur/wnd_header.set]
[d6scj24zvfbbo.cloudfront.net/e6c490beb5aad93f338f67a57a7ea325/200000006-1182211824/200/skyblock38dda.jpg]
[penguineur9.webnode.fr/mon-profil-gameur/index.html]
[penguineur9.webnode.fr/don/wnd_header.set]
[penguineur9.webnode.fr/don/index.html]
[penguineur9.webnode.fr/home/index.html]
[p.typekit.net/p6abb.css]
[penguineur9.webnode.fr/mon-profil/wnd_header.html]
[penguineur9.webnode.fr/mes-reseau/wnd_header.html]
[penguineur9.webnode.fr/mon-profil-gameur/wnd_header.html]
[penguineur9.webnode.fr/don/wnd_header.html]
